2025-04-02 00:07:21,027 INFO: Application startup [in E:\eims-client_project\eims_client_backend\run.py:33]
2025-04-02 00:07:21,541 INFO: Application startup [in E:\eims-client_project\eims_client_backend\run.py:33]
2025-04-02 00:07:35,332 INFO: Raw user data from database: {'userid': 2, 'firstname': 'Ad', 'lastname': 'Min', 'username': None, 'email': 'admin@example.com', 'contactnumber': '09216522810', 'address': 'Philippines, Iligan City, Plaza', 'user_type': 'admin', 'user_img': '/img/dummy_profile.png'} [in E:\eims-client_project\eims_client_backend\app\models.py:1450]
2025-04-02 00:07:35,333 INFO: Final user data: {'userid': 2, 'firstname': 'Ad', 'lastname': 'Min', 'username': None, 'email': 'admin@example.com', 'contactnumber': '09216522810', 'address': 'Philippines, Iligan City, Plaza', 'user_type': 'admin', 'user_img': '/img/dummy_profile.png'} [in E:\eims-client_project\eims_client_backend\app\models.py:1457]
2025-04-02 00:10:26,264 INFO: Raw user data from database: {'userid': 1, 'firstname': 'Dummy', 'lastname': 'Boogie', 'username': 'dummybogie', 'email': 'dummy@gmail.com', 'contactnumber': '09216522810', 'address': 'East Blue', 'user_type': 'client', 'user_img': '/static/uploads/profile_pics/1_2b026a56ec534f188abf38cb61646511_320923377_667622328355574_7452536702390577087_n.jpg'} [in E:\eims-client_project\eims_client_backend\app\models.py:1450]
2025-04-02 00:10:26,265 INFO: Final user data: {'userid': 1, 'firstname': 'Dummy', 'lastname': 'Boogie', 'username': 'dummybogie', 'email': 'dummy@gmail.com', 'contactnumber': '09216522810', 'address': 'East Blue', 'user_type': 'client', 'user_img': '/static/uploads/profile_pics/1_2b026a56ec534f188abf38cb61646511_320923377_667622328355574_7452536702390577087_n.jpg'} [in E:\eims-client_project\eims_client_backend\app\models.py:1457]
2025-04-02 00:30:03,432 INFO: Application startup [in E:\eims-client_project\eims_client_backend\run.py:33]
2025-04-02 00:30:03,970 INFO: Application startup [in E:\eims-client_project\eims_client_backend\run.py:33]
2025-04-02 00:30:10,734 INFO: Raw user data from database: {'userid': 1, 'firstname': 'Dummy', 'lastname': 'Boogie', 'username': 'dummybogie', 'email': 'dummy@gmail.com', 'contactnumber': '09216522810', 'address': 'East Blue', 'user_type': 'client', 'user_img': '/static/uploads/profile_pics/1_2b026a56ec534f188abf38cb61646511_320923377_667622328355574_7452536702390577087_n.jpg'} [in E:\eims-client_project\eims_client_backend\app\models.py:1450]
2025-04-02 00:30:10,735 INFO: Final user data: {'userid': 1, 'firstname': 'Dummy', 'lastname': 'Boogie', 'username': 'dummybogie', 'email': 'dummy@gmail.com', 'contactnumber': '09216522810', 'address': 'East Blue', 'user_type': 'client', 'user_img': '/static/uploads/profile_pics/1_2b026a56ec534f188abf38cb61646511_320923377_667622328355574_7452536702390577087_n.jpg'} [in E:\eims-client_project\eims_client_backend\app\models.py:1457]
2025-04-02 00:30:10,894 INFO: No outfit_details found in item_dict [in E:\eims-client_project\eims_client_backend\app\models.py:170]
2025-04-02 00:30:10,894 INFO: No outfit_details found in item_dict [in E:\eims-client_project\eims_client_backend\app\models.py:170]
2025-04-02 00:30:10,895 INFO: No outfit_details found in item_dict [in E:\eims-client_project\eims_client_backend\app\models.py:170]
2025-04-02 00:30:10,895 INFO: No outfit_details found in item_dict [in E:\eims-client_project\eims_client_backend\app\models.py:170]
2025-04-02 00:30:11,003 INFO: No outfit_details found in item_dict [in E:\eims-client_project\eims_client_backend\app\models.py:170]
2025-04-02 00:30:11,004 INFO: No outfit_details found in item_dict [in E:\eims-client_project\eims_client_backend\app\models.py:170]
2025-04-02 00:30:11,004 INFO: No outfit_details found in item_dict [in E:\eims-client_project\eims_client_backend\app\models.py:170]
2025-04-02 00:30:11,005 INFO: No outfit_details found in item_dict [in E:\eims-client_project\eims_client_backend\app\models.py:170]
2025-04-02 00:30:14,056 INFO: Raw user data from database: {'userid': 1, 'firstname': 'Dummy', 'lastname': 'Boogie', 'username': 'dummybogie', 'email': 'dummy@gmail.com', 'contactnumber': '09216522810', 'address': 'East Blue', 'user_type': 'client', 'user_img': '/static/uploads/profile_pics/1_2b026a56ec534f188abf38cb61646511_320923377_667622328355574_7452536702390577087_n.jpg'} [in E:\eims-client_project\eims_client_backend\app\models.py:1450]
2025-04-02 00:30:14,057 INFO: Final user data: {'userid': 1, 'firstname': 'Dummy', 'lastname': 'Boogie', 'username': 'dummybogie', 'email': 'dummy@gmail.com', 'contactnumber': '09216522810', 'address': 'East Blue', 'user_type': 'client', 'user_img': '/static/uploads/profile_pics/1_2b026a56ec534f188abf38cb61646511_320923377_667622328355574_7452536702390577087_n.jpg'} [in E:\eims-client_project\eims_client_backend\app\models.py:1457]
2025-04-02 00:30:14,177 INFO: Raw user data from database: {'userid': 1, 'firstname': 'Dummy', 'lastname': 'Boogie', 'username': 'dummybogie', 'email': 'dummy@gmail.com', 'contactnumber': '09216522810', 'address': 'East Blue', 'user_type': 'client', 'user_img': '/static/uploads/profile_pics/1_2b026a56ec534f188abf38cb61646511_320923377_667622328355574_7452536702390577087_n.jpg'} [in E:\eims-client_project\eims_client_backend\app\models.py:1450]
2025-04-02 00:30:14,178 INFO: Final user data: {'userid': 1, 'firstname': 'Dummy', 'lastname': 'Boogie', 'username': 'dummybogie', 'email': 'dummy@gmail.com', 'contactnumber': '09216522810', 'address': 'East Blue', 'user_type': 'client', 'user_img': '/static/uploads/profile_pics/1_2b026a56ec534f188abf38cb61646511_320923377_667622328355574_7452536702390577087_n.jpg'} [in E:\eims-client_project\eims_client_backend\app\models.py:1457]
2025-04-02 00:31:02,670 INFO: Application startup [in E:\eims-client_project\eims_client_backend\run.py:33]
2025-04-02 00:31:16,582 INFO: Application startup [in E:\eims-client_project\eims_client_backend\run.py:33]
2025-04-02 00:34:34,743 INFO: Raw user data from database: {'userid': 1, 'firstname': 'Dummy', 'lastname': 'Boogie', 'username': 'dummybogie', 'email': 'dummy@gmail.com', 'contactnumber': '09216522810', 'address': 'East Blue', 'user_type': 'client', 'user_img': '/static/uploads/profile_pics/1_2b026a56ec534f188abf38cb61646511_320923377_667622328355574_7452536702390577087_n.jpg'} [in E:\eims-client_project\eims_client_backend\app\models.py:1450]
2025-04-02 00:34:34,744 INFO: Final user data: {'userid': 1, 'firstname': 'Dummy', 'lastname': 'Boogie', 'username': 'dummybogie', 'email': 'dummy@gmail.com', 'contactnumber': '09216522810', 'address': 'East Blue', 'user_type': 'client', 'user_img': '/static/uploads/profile_pics/1_2b026a56ec534f188abf38cb61646511_320923377_667622328355574_7452536702390577087_n.jpg'} [in E:\eims-client_project\eims_client_backend\app\models.py:1457]
2025-04-02 00:34:42,547 INFO: Raw user data from database: {'userid': 1, 'firstname': 'Dummy', 'lastname': 'Boogie', 'username': 'dummybogie', 'email': 'dummy@gmail.com', 'contactnumber': '09216522810', 'address': 'East Blue', 'user_type': 'client', 'user_img': '/static/uploads/profile_pics/1_2b026a56ec534f188abf38cb61646511_320923377_667622328355574_7452536702390577087_n.jpg'} [in E:\eims-client_project\eims_client_backend\app\models.py:1450]
2025-04-02 00:34:42,548 INFO: Final user data: {'userid': 1, 'firstname': 'Dummy', 'lastname': 'Boogie', 'username': 'dummybogie', 'email': 'dummy@gmail.com', 'contactnumber': '09216522810', 'address': 'East Blue', 'user_type': 'client', 'user_img': '/static/uploads/profile_pics/1_2b026a56ec534f188abf38cb61646511_320923377_667622328355574_7452536702390577087_n.jpg'} [in E:\eims-client_project\eims_client_backend\app\models.py:1457]
2025-04-02 00:34:49,817 INFO: Raw user data from database: {'userid': 1, 'firstname': 'Dummy', 'lastname': 'Boogie', 'username': 'dummybogie', 'email': 'dummy@gmail.com', 'contactnumber': '09216522810', 'address': 'East Blue', 'user_type': 'client', 'user_img': '/static/uploads/profile_pics/1_2b026a56ec534f188abf38cb61646511_320923377_667622328355574_7452536702390577087_n.jpg'} [in E:\eims-client_project\eims_client_backend\app\models.py:1450]
2025-04-02 00:34:49,817 INFO: Final user data: {'userid': 1, 'firstname': 'Dummy', 'lastname': 'Boogie', 'username': 'dummybogie', 'email': 'dummy@gmail.com', 'contactnumber': '09216522810', 'address': 'East Blue', 'user_type': 'client', 'user_img': '/static/uploads/profile_pics/1_2b026a56ec534f188abf38cb61646511_320923377_667622328355574_7452536702390577087_n.jpg'} [in E:\eims-client_project\eims_client_backend\app\models.py:1457]
2025-04-02 00:37:25,348 INFO: Raw user data from database: {'userid': 1, 'firstname': 'Dummy', 'lastname': 'Boogie', 'username': 'dummybogie', 'email': 'dummy@gmail.com', 'contactnumber': '09216522810', 'address': 'East Blue', 'user_type': 'client', 'user_img': '/static/uploads/profile_pics/1_2b026a56ec534f188abf38cb61646511_320923377_667622328355574_7452536702390577087_n.jpg'} [in E:\eims-client_project\eims_client_backend\app\models.py:1450]
2025-04-02 00:37:25,348 INFO: Final user data: {'userid': 1, 'firstname': 'Dummy', 'lastname': 'Boogie', 'username': 'dummybogie', 'email': 'dummy@gmail.com', 'contactnumber': '09216522810', 'address': 'East Blue', 'user_type': 'client', 'user_img': '/static/uploads/profile_pics/1_2b026a56ec534f188abf38cb61646511_320923377_667622328355574_7452536702390577087_n.jpg'} [in E:\eims-client_project\eims_client_backend\app\models.py:1457]
2025-04-02 00:38:10,177 INFO: Raw user data from database: {'userid': 1, 'firstname': 'Dummy', 'lastname': 'Boogie', 'username': 'dummybogie', 'email': 'dummy@gmail.com', 'contactnumber': '09216522810', 'address': 'East Blue', 'user_type': 'client', 'user_img': '/static/uploads/profile_pics/1_2b026a56ec534f188abf38cb61646511_320923377_667622328355574_7452536702390577087_n.jpg'} [in E:\eims-client_project\eims_client_backend\app\models.py:1450]
2025-04-02 00:45:58,751 INFO: Application startup [in E:\eims-client_project\eims_client_backend\run.py:33]
2025-04-02 00:46:03,688 INFO: Application startup [in E:\eims-client_project\eims_client_backend\run.py:33]
